Unable to capture context for thread 3440 in process 28404, can not generate back trace
Exception at PC 0x00007FFD7FE9BB93
Printing stacktrace...

Unable to capture context for thread 3440 in process 28404, can not generate back trace
Exception at PC 0x00007FFE0A974F99
Exception at PC 0x00007FFE0A974F99
Exception at PC 0x00007FFE0A974F99
Exception at PC 0x00007FFE0A974F99
Exception at PC 0x00007FFE0A974F99
Exception at PC 0x00007FFE0A974F99
Exception at PC 0x00007FFE0A974F99
Exception at PC 0x00007FFE0A974F99
Exception at PC 0x00007FFE0A974F99
[0]  [0x00007FFD7FE9BB93]
[1]  [0x00007FFD7FE9BB93]
[2]  [0x00007FFD7FE9B4A1]
[3]  [0x00007FFD7FE9B3EF]
[4]  [0x00007FFD7FE819FE]
[5]  [0x00007FFD7FE80ED1]
[6]  [0x00007FFD7FE80D76]
[7]  [0x00007FFD7FE279F6]
[8]  [0x00007FFD7FE17AFB]
[9]  [0x00007FFD7FF3E90A]
[10]  [0x00007FFD7FF59F87]
[11]  [0x00007FFD7FF5A05F]
[12] (BaseThreadInitThunk+0x14) [0x00007FFE0CAE7034]
[13] (RtlUserThreadStart+0x21) [0x00007FFE0CCC2651]
Done
Exception at PC 0x00007FFE0A974F99
Exception at PC 0x00007FFE0A974F99
Exception at PC 0x00007FFE0A974F99
Exception at PC 0x00007FFE0A974F99
Exception at PC 0x00007FFE0A974F99
Exception at PC 0x00007FFE0A974F99
Exception at PC 0x00007FFE0A974F99
Exception at PC 0x00007FFE0A974F99
Exception at PC 0x00007FFE0A974F99
