# do {three_state_gates_tb_compile.do}
# Model Technology ModelSim PE vmap 10.4c Lib Mapping Utility 2015.07 Jul 20 2015
# vmap xil_defaultlib msim/xil_defaultlib 
# Modifying modelsim.ini
# ** Warning: (vlog-159) Mode option -64 is not supported in this context and will be ignored.
# 
# Model Technology ModelSim PE vlog 10.4c Compiler 2015.07 Jul 20 2015
# Start time: 17:45:04 on Oct 08,2021
# vlog -64 -incr -work xil_defaultlib ../../../6-2.srcs/sources_1/new/three_state_gates.v ../../../6-2.srcs/sources_1/new/three_state_gates_tb.v 
# -- Compiling module three_state_gates
# -- Compiling module three_state_gates_tb
# 
# Top level modules:
# 	three_state_gates_tb
# End time: 17:45:05 on Oct 08,2021, Elapsed time: 0:00:01
# Errors: 0, Warnings: 1
# Model Technology ModelSim PE vlog 10.4c Compiler 2015.07 Jul 20 2015
# Start time: 17:45:05 on Oct 08,2021
# vlog -work xil_defaultlib glbl.v 
# -- Compiling module glbl
# 
# Top level modules:
# 	glbl
# End time: 17:45:05 on Oct 08,2021, Elapsed time: 0:00:00
# Errors: 0, Warnings: 0
