Unable to capture context for thread 24624 in process 21980, can not generate back trace
Exception at PC 0x00007FFD6F27BB93
Printing stacktrace...

Unable to capture context for thread 24624 in process 21980, can not generate back trace
Exception at PC 0x00007FFE0A974F99
Exception at PC 0x00007FFE0A974F99
Exception at PC 0x00007FFE0A974F99
Exception at PC 0x00007FFE0A974F99
Exception at PC 0x00007FFE0A974F99
Exception at PC 0x00007FFE0A974F99
Exception at PC 0x00007FFE0A974F99
Exception at PC 0x00007FFE0A974F99
Exception at PC 0x00007FFE0A974F99
Exception at PC 0x00007FFE0A974F99
[0]  [0x00007FFD6F27BB93]
[1]  [0x00007FFD6F27BB93]
[2]  [0x00007FFD6F27B4A1]
[3]  [0x00007FFD6F27B3EF]
[4]  [0x00007FFD6F2619FE]
[5]  [0x00007FFD6F260ED1]
[6]  [0x00007FFD6F260D76]
[7]  [0x00007FFD6F2079F6]
[8]  [0x00007FFD6F1F7AFB]
[9]  [0x00007FFD6F31E90A]
[10]  [0x00007FFD6F339F87]
[11]  [0x00007FFD6F33A05F]
[12] (BaseThreadInitThunk+0x14) [0x00007FFE0CAE7034]
[13] (RtlUserThreadStart+0x21) [0x00007FFE0CCC2651]
Done
Exception at PC 0x00007FFE0A974F99
Exception at PC 0x00007FFE0A974F99
Exception at PC 0x00007FFE0A974F99
Exception at PC 0x00007FFE0A974F99
Exception at PC 0x00007FFE0A974F99
Exception at PC 0x00007FFE0A974F99
Exception at PC 0x00007FFE0A974F99
Exception at PC 0x00007FFE0A974F99
