Unable to capture context for thread 19104 in process 1484, can not generate back trace
Exception at PC 0x00007FF96C32BB93
Printing stacktrace...

Unable to capture context for thread 19104 in process 1484, can not generate back trace
Exception at PC 0x00007FFA19A94F99
Exception at PC 0x00007FFA19A94F99
Exception at PC 0x00007FFA19A94F99
Exception at PC 0x00007FFA19A94F99
Exception at PC 0x00007FFA19A94F99
Exception at PC 0x00007FFA19A94F99
Exception at PC 0x00007FFA19A94F99
Exception at PC 0x00007FFA19A94F99
Exception at PC 0x00007FFA19A94F99
[0]  [0x00007FF96C32BB93]
[1]  [0x00007FF96C32BB93]
[2]  [0x00007FF96C32B4A1]
[3]  [0x00007FF96C32B3EF]
[4]  [0x00007FF96C3119FE]
[5]  [0x00007FF96C310ED1]
[6]  [0x00007FF96C310D76]
[7]  [0x00007FF96C2B79F6]
[8]  [0x00007FF96C2A7AFB]
[9]  [0x00007FF96C3CE90A]
[10]  [0x00007FF96C3E9F87]
[11]  [0x00007FF96C3EA05F]
[12] (BaseThreadInitThunk+0x14) [0x00007FFA1A717034]
[13] (RtlUserThreadStart+0x21) [0x00007FFA1BFA2651]
Done
Exception at PC 0x00007FFA19A94F99
Exception at PC 0x00007FFA19A94F99
Exception at PC 0x00007FFA19A94F99
Exception at PC 0x00007FFA19A94F99
Exception at PC 0x00007FFA19A94F99
Exception at PC 0x00007FFA19A94F99
Exception at PC 0x00007FFA19A94F99
Exception at PC 0x00007FFA19A94F99
Exception at PC 0x00007FFA19A94F99
