Unable to capture context for thread 28800 in process 17104, can not generate back trace
Exception at PC 0x00007FF96E0FBB93
Printing stacktrace...

Exception at PC 0x00007FFA19A94F99
Exception at PC 0x00007FFA19A94F99
Exception at PC 0x00007FFA19A94F99
Exception at PC 0x00007FFA19A94F99
Exception at PC 0x00007FFA19A94F99
Exception at PC 0x00007FFA19A94F99
Exception at PC 0x00007FFA19A94F99
Exception at PC 0x00007FFA19A94F99
Exception at PC 0x00007FFA19A94F99
[0]  [0x00007FF96E0FBB93]
[1]  [0x00007FF96E0FBB93]
[2]  [0x00007FF96E0FB4A1]
[3]  [0x00007FF96E0FB3EF]
[4]  [0x00007FF96E0E19FE]
[5]  [0x00007FF96E0E0ED1]
[6]  [0x00007FF96E0E0D76]
[7]  [0x00007FF96E0879F6]
[8]  [0x00007FF96E077AFB]
[9]  [0x00007FF96E19E90A]
[10]  [0x00007FF96E1B9F87]
[11]  [0x00007FF96E1BA05F]
[12] (BaseThreadInitThunk+0x14) [0x00007FFA1A717034]
[13] (RtlUserThreadStart+0x21) [0x00007FFA1BFA2651]
Done
Exception at PC 0x00007FFA19A94F99
Exception at PC 0x00007FFA19A94F99
Exception at PC 0x00007FFA19A94F99
Exception at PC 0x00007FFA19A94F99
Exception at PC 0x00007FFA19A94F99
Exception at PC 0x00007FFA19A94F99
Exception at PC 0x00007FFA19A94F99
Exception at PC 0x00007FFA19A94F99
Exception at PC 0x00007FFA19A94F99
