Unable to capture context for thread 16516 in process 9860, can not generate back trace
Exception at PC 0x00007FF97673BB93
Printing stacktrace...

Unable to capture context for thread 16516 in process 9860, can not generate back trace
Exception at PC 0x00007FFA19A94F99
Exception at PC 0x00007FFA19A94F99
Exception at PC 0x00007FFA19A94F99
Exception at PC 0x00007FFA19A94F99
Exception at PC 0x00007FFA19A94F99
Exception at PC 0x00007FFA19A94F99
Exception at PC 0x00007FFA19A94F99
Exception at PC 0x00007FFA19A94F99
Exception at PC 0x00007FFA19A94F99
[0]  [0x00007FF97673BB93]
[1]  [0x00007FF97673BB93]
[2]  [0x00007FF97673B4A1]
[3]  [0x00007FF97673B3EF]
[4]  [0x00007FF9767219FE]
[5]  [0x00007FF976720ED1]
[6]  [0x00007FF976720D76]
[7]  [0x00007FF9766C79F6]
[8]  [0x00007FF9766B7AFB]
[9]  [0x00007FF9767DE90A]
[10]  [0x00007FF9767F9F87]
[11]  [0x00007FF9767FA05F]
[12] (BaseThreadInitThunk+0x14) [0x00007FFA1A717034]
[13] (RtlUserThreadStart+0x21) [0x00007FFA1BFA2651]
Done
Exception at PC 0x00007FFA19A94F99
Exception at PC 0x00007FFA19A94F99
Exception at PC 0x00007FFA19A94F99
Exception at PC 0x00007FFA19A94F99
Exception at PC 0x00007FFA19A94F99
Exception at PC 0x00007FFA19A94F99
Exception at PC 0x00007FFA19A94F99
Exception at PC 0x00007FFA19A94F99
Exception at PC 0x00007FFA19A94F99
