#-----------------------------------------------------------
# Vivado v2016.2 (64-bit)
# SW Build 1577090 on Thu Jun  2 16:32:40 MDT 2016
# IP Build 1577682 on Fri Jun  3 12:00:54 MDT 2016
# Start of session at: Thu Oct 28 21:19:45 2021
# Process ID: 976
# Current directory: D:/win32pe/6.6-2
# Command line: vivado.exe -gui_launcher_event rodinguilauncherevent4452 D:\win32pe\6.6-2\6.6-2.xpr
# Log file: D:/win32pe/6.6-2/vivado.log
# Journal file: D:/win32pe/6.6-2\vivado.jou
#-----------------------------------------------------------
start_gui
open_project D:/win32pe/6.6-2/6.6-2.xpr
Scanning sources...
Finished scanning sources
INFO: [IP_Flow 19-234] Refreshing IP repositories
INFO: [IP_Flow 19-1704] No user IP repositories specified
INFO: [IP_Flow 19-2313] Loaded Vivado IP repository 'D:/Vivado/Vivado/2016.2/data/ip'.
open_project: Time (s): cpu = 00:00:15 ; elapsed = 00:00:06 . Memory (MB): peak = 852.398 ; gain = 172.648
exit
INFO: [Common 17-206] Exiting Vivado at Thu Oct 28 21:20:03 2021...
