
*** Running vivado
    with args -log Counter8.vds -m64 -mode batch -messageDb vivado.pb -notrace -source Counter8.tcl


****** Vivado v2016.2 (64-bit)
  **** SW Build 1577090 on Thu Jun  2 16:32:40 MDT 2016
  **** IP Build 1577682 on Fri Jun  3 12:00:54 MDT 2016
    ** Copyright 1986-2016 Xilinx, Inc. All Rights Reserved.

source Counter8.tcl -notrace
Command: synth_design -top Counter8 -part xc7a100tcsg324-1
Starting synth_design
Attempting to get a license for feature 'Synthesis' and/or device 'xc7a100t'
INFO: [Common 17-349] Got license for feature 'Synthesis' and/or device 'xc7a100t'
INFO: Launching helper process for spawning children vivado processes
INFO: Helper process launched with PID 20632 
---------------------------------------------------------------------------------
Starting RTL Elaboration : Time (s): cpu = 00:00:04 ; elapsed = 00:00:06 . Memory (MB): peak = 304.414 ; gain = 97.566
---------------------------------------------------------------------------------
INFO: [Synth 8-638] synthesizing module 'Counter8' [D:/win32pe/6.7-1/6.7-1.srcs/sources_1/new/Counter8.v:129]
INFO: [Synth 8-638] synthesizing module 'Divider' [D:/win32pe/6.7-1/6.7-1.srcs/sources_1/new/Counter8.v:69]
	Parameter STOP_TIME bound to: 27'b101111101011110000100000000 
INFO: [Synth 8-256] done synthesizing module 'Divider' (1#1) [D:/win32pe/6.7-1/6.7-1.srcs/sources_1/new/Counter8.v:69]
INFO: [Synth 8-638] synthesizing module 'JK_FF' [D:/win32pe/6.7-1/6.7-1.srcs/sources_1/new/Counter8.v:23]
INFO: [Synth 8-256] done synthesizing module 'JK_FF' (2#1) [D:/win32pe/6.7-1/6.7-1.srcs/sources_1/new/Counter8.v:23]
INFO: [Synth 8-638] synthesizing module 'display7' [D:/win32pe/6.7-1/6.7-1.srcs/sources_1/new/Counter8.v:106]
INFO: [Synth 8-256] done synthesizing module 'display7' (3#1) [D:/win32pe/6.7-1/6.7-1.srcs/sources_1/new/Counter8.v:106]
WARNING: [Synth 8-689] width (35) of port connection 'iData' does not match port width (4) of module 'display7' [D:/win32pe/6.7-1/6.7-1.srcs/sources_1/new/Counter8.v:144]
WARNING: [Synth 8-3848] Net rst in module/entity Counter8 does not have driver. [D:/win32pe/6.7-1/6.7-1.srcs/sources_1/new/Counter8.v:139]
INFO: [Synth 8-256] done synthesizing module 'Counter8' (4#1) [D:/win32pe/6.7-1/6.7-1.srcs/sources_1/new/Counter8.v:129]
---------------------------------------------------------------------------------
Finished RTL Elaboration : Time (s): cpu = 00:00:05 ; elapsed = 00:00:07 . Memory (MB): peak = 341.855 ; gain = 135.008
---------------------------------------------------------------------------------

Report Check Netlist: 
+------+------------------+-------+---------+-------+------------------+
|      |Item              |Errors |Warnings |Status |Description       |
+------+------------------+-------+---------+-------+------------------+
|1     |multi_driven_nets |      0|        0|Passed |Multi driven nets |
+------+------------------+-------+---------+-------+------------------+
WARNING: [Synth 8-3295] tying undriven pin genblk1.D1:rst to constant 0 [D:/win32pe/6.7-1/6.7-1.srcs/sources_1/new/Counter8.v:139]
---------------------------------------------------------------------------------
Finished RTL Optimization Phase 1 : Time (s): cpu = 00:00:05 ; elapsed = 00:00:07 . Memory (MB): peak = 341.855 ; gain = 135.008
---------------------------------------------------------------------------------
INFO: [Device 21-403] Loading part xc7a100tcsg324-1
INFO: [Project 1-570] Preparing netlist for logic optimization

Processing XDC Constraints
Initializing timing engine
Parsing XDC File [D:/win32pe/6.7-1/6.7-1.srcs/constrs_1/new/top.xdc]
Finished Parsing XDC File [D:/win32pe/6.7-1/6.7-1.srcs/constrs_1/new/top.xdc]
INFO: [Project 1-236] Implementation specific constraints were found while reading constraint file [D:/win32pe/6.7-1/6.7-1.srcs/constrs_1/new/top.xdc]. These constraints will be ignored for synthesis but will be used in implementation. Impacted constraints are listed in the file [.Xil/Counter8_propImpl.xdc].
Resolution: To avoid this warning, move constraints listed in [.Xil/Counter8_propImpl.xdc] to another XDC file and exclude this new file from synthesis with the used_in_synthesis property (File Properties dialog in GUI) and re-run elaboration/synthesis.
Completed Processing XDC Constraints

INFO: [Project 1-111] Unisim Transformation Summary:
No Unisim elements were transformed.

Constraint Validation Runtime : Time (s): cpu = 00:00:00 ; elapsed = 00:00:00.001 . Memory (MB): peak = 632.813 ; gain = 0.000
---------------------------------------------------------------------------------
Finished Constraint Validation : Time (s): cpu = 00:00:11 ; elapsed = 00:00:14 . Memory (MB): peak = 632.813 ; gain = 425.965
---------------------------------------------------------------------------------
---------------------------------------------------------------------------------
Start Loading Part and Timing Information
---------------------------------------------------------------------------------
Loading part: xc7a100tcsg324-1
---------------------------------------------------------------------------------
Finished Loading Part and Timing Information : Time (s): cpu = 00:00:11 ; elapsed = 00:00:14 . Memory (MB): peak = 632.813 ; gain = 425.965
---------------------------------------------------------------------------------
---------------------------------------------------------------------------------
Start Applying 'set_property' XDC Constraints
---------------------------------------------------------------------------------
---------------------------------------------------------------------------------
Finished applying 'set_property' XDC Constraints : Time (s): cpu = 00:00:11 ; elapsed = 00:00:14 . Memory (MB): peak = 632.813 ; gain = 425.965
---------------------------------------------------------------------------------
---------------------------------------------------------------------------------
Finished RTL Optimization Phase 2 : Time (s): cpu = 00:00:11 ; elapsed = 00:00:14 . Memory (MB): peak = 632.813 ; gain = 425.965
---------------------------------------------------------------------------------

Report RTL Partitions: 
+-+--------------+------------+----------+
| |RTL Partition |Replication |Instances |
+-+--------------+------------+----------+
+-+--------------+------------+----------+
---------------------------------------------------------------------------------
Start RTL Component Statistics 
---------------------------------------------------------------------------------
Detailed RTL Component Info : 
+---Adders : 
	   2 Input     31 Bit       Adders := 1     
+---Registers : 
	               31 Bit    Registers := 1     
	                1 Bit    Registers := 7     
+---Muxes : 
	   2 Input     31 Bit        Muxes := 2     
	  11 Input      7 Bit        Muxes := 1     
	   2 Input      1 Bit        Muxes := 1     
	   4 Input      1 Bit        Muxes := 9     
---------------------------------------------------------------------------------
Finished RTL Component Statistics 
---------------------------------------------------------------------------------
---------------------------------------------------------------------------------
Start RTL Hierarchical Component Statistics 
---------------------------------------------------------------------------------
Hierarchical RTL Component report 
Module Divider 
Detailed RTL Component Info : 
+---Adders : 
	   2 Input     31 Bit       Adders := 1     
+---Registers : 
	               31 Bit    Registers := 1     
	                1 Bit    Registers := 1     
+---Muxes : 
	   2 Input     31 Bit        Muxes := 2     
	   2 Input      1 Bit        Muxes := 1     
Module JK_FF 
Detailed RTL Component Info : 
+---Registers : 
	                1 Bit    Registers := 2     
+---Muxes : 
	   4 Input      1 Bit        Muxes := 3     
Module display7 
Detailed RTL Component Info : 
+---Muxes : 
	  11 Input      7 Bit        Muxes := 1     
---------------------------------------------------------------------------------
Finished RTL Hierarchical Component Statistics
---------------------------------------------------------------------------------
---------------------------------------------------------------------------------
Start Part Resource Summary
---------------------------------------------------------------------------------
Part Resources:
DSPs: 240 (col length:80)
BRAMs: 270 (col length: RAMB18 80 RAMB36 40)
---------------------------------------------------------------------------------
Finished Part Resource Summary
---------------------------------------------------------------------------------
Start Parallel Synthesis Optimization  : Time (s): cpu = 00:00:11 ; elapsed = 00:00:14 . Memory (MB): peak = 632.813 ; gain = 425.965
---------------------------------------------------------------------------------
Start Cross Boundary Optimization
---------------------------------------------------------------------------------
---------------------------------------------------------------------------------
Finished Cross Boundary Optimization : Time (s): cpu = 00:00:11 ; elapsed = 00:00:14 . Memory (MB): peak = 632.813 ; gain = 425.965
---------------------------------------------------------------------------------
Finished Parallel Reinference  : Time (s): cpu = 00:00:11 ; elapsed = 00:00:14 . Memory (MB): peak = 632.813 ; gain = 425.965

Report RTL Partitions: 
+-+--------------+------------+----------+
| |RTL Partition |Replication |Instances |
+-+--------------+------------+----------+
+-+--------------+------------+----------+
---------------------------------------------------------------------------------
Start Area Optimization
---------------------------------------------------------------------------------
WARNING: [Synth 8-3332] Sequential element (genblk1.JK_1/Q2_reg) is unused and will be removed from module Counter8.
WARNING: [Synth 8-3332] Sequential element (genblk1.JK_2/Q2_reg) is unused and will be removed from module Counter8.
WARNING: [Synth 8-3332] Sequential element (genblk1.JK_3/Q2_reg) is unused and will be removed from module Counter8.
---------------------------------------------------------------------------------
Finished Area Optimization : Time (s): cpu = 00:00:12 ; elapsed = 00:00:14 . Memory (MB): peak = 632.813 ; gain = 425.965
---------------------------------------------------------------------------------
Finished Parallel Area Optimization  : Time (s): cpu = 00:00:12 ; elapsed = 00:00:14 . Memory (MB): peak = 632.813 ; gain = 425.965

Report RTL Partitions: 
+-+--------------+------------+----------+
| |RTL Partition |Replication |Instances |
+-+--------------+------------+----------+
+-+--------------+------------+----------+
---------------------------------------------------------------------------------
Start Timing Optimization
---------------------------------------------------------------------------------
---------------------------------------------------------------------------------
Start Applying XDC Timing Constraints
---------------------------------------------------------------------------------
---------------------------------------------------------------------------------
Finished Applying XDC Timing Constraints : Time (s): cpu = 00:00:19 ; elapsed = 00:00:22 . Memory (MB): peak = 632.813 ; gain = 425.965
---------------------------------------------------------------------------------
---------------------------------------------------------------------------------
Finished Timing Optimization : Time (s): cpu = 00:00:19 ; elapsed = 00:00:22 . Memory (MB): peak = 632.813 ; gain = 425.965
---------------------------------------------------------------------------------

Report RTL Partitions: 
+-+--------------+------------+----------+
| |RTL Partition |Replication |Instances |
+-+--------------+------------+----------+
+-+--------------+------------+----------+
---------------------------------------------------------------------------------
Start Technology Mapping
---------------------------------------------------------------------------------
---------------------------------------------------------------------------------
Finished Technology Mapping : Time (s): cpu = 00:00:19 ; elapsed = 00:00:22 . Memory (MB): peak = 632.813 ; gain = 425.965
---------------------------------------------------------------------------------
Finished Parallel Technology Mapping Optimization  : Time (s): cpu = 00:00:19 ; elapsed = 00:00:22 . Memory (MB): peak = 632.813 ; gain = 425.965

Report RTL Partitions: 
+-+--------------+------------+----------+
| |RTL Partition |Replication |Instances |
+-+--------------+------------+----------+
+-+--------------+------------+----------+
Finished Parallel Synthesis Optimization  : Time (s): cpu = 00:00:19 ; elapsed = 00:00:22 . Memory (MB): peak = 632.813 ; gain = 425.965
---------------------------------------------------------------------------------
Start IO Insertion
---------------------------------------------------------------------------------
---------------------------------------------------------------------------------
Start Flattening Before IO Insertion
---------------------------------------------------------------------------------
---------------------------------------------------------------------------------
Finished Flattening Before IO Insertion
---------------------------------------------------------------------------------
---------------------------------------------------------------------------------
Start Final Netlist Cleanup
---------------------------------------------------------------------------------
---------------------------------------------------------------------------------
Finished Final Netlist Cleanup
---------------------------------------------------------------------------------
---------------------------------------------------------------------------------
Finished IO Insertion : Time (s): cpu = 00:00:19 ; elapsed = 00:00:22 . Memory (MB): peak = 632.813 ; gain = 425.965
---------------------------------------------------------------------------------

Report Check Netlist: 
+------+------------------+-------+---------+-------+------------------+
|      |Item              |Errors |Warnings |Status |Description       |
+------+------------------+-------+---------+-------+------------------+
|1     |multi_driven_nets |      0|        0|Passed |Multi driven nets |
+------+------------------+-------+---------+-------+------------------+
---------------------------------------------------------------------------------
Start Renaming Generated Instances
---------------------------------------------------------------------------------
---------------------------------------------------------------------------------
Finished Renaming Generated Instances : Time (s): cpu = 00:00:19 ; elapsed = 00:00:22 . Memory (MB): peak = 632.813 ; gain = 425.965
---------------------------------------------------------------------------------

Report RTL Partitions: 
+-+--------------+------------+----------+
| |RTL Partition |Replication |Instances |
+-+--------------+------------+----------+
+-+--------------+------------+----------+
---------------------------------------------------------------------------------
Start Rebuilding User Hierarchy
---------------------------------------------------------------------------------
---------------------------------------------------------------------------------
Finished Rebuilding User Hierarchy : Time (s): cpu = 00:00:19 ; elapsed = 00:00:22 . Memory (MB): peak = 632.813 ; gain = 425.965
---------------------------------------------------------------------------------
---------------------------------------------------------------------------------
Start Renaming Generated Ports
---------------------------------------------------------------------------------
---------------------------------------------------------------------------------
Finished Renaming Generated Ports : Time (s): cpu = 00:00:19 ; elapsed = 00:00:22 . Memory (MB): peak = 632.813 ; gain = 425.965
---------------------------------------------------------------------------------
---------------------------------------------------------------------------------
Start Handling Custom Attributes
---------------------------------------------------------------------------------
---------------------------------------------------------------------------------
Finished Handling Custom Attributes : Time (s): cpu = 00:00:19 ; elapsed = 00:00:22 . Memory (MB): peak = 632.813 ; gain = 425.965
---------------------------------------------------------------------------------
---------------------------------------------------------------------------------
Start Renaming Generated Nets
---------------------------------------------------------------------------------
---------------------------------------------------------------------------------
Finished Renaming Generated Nets : Time (s): cpu = 00:00:19 ; elapsed = 00:00:22 . Memory (MB): peak = 632.813 ; gain = 425.965
---------------------------------------------------------------------------------
---------------------------------------------------------------------------------
Start Writing Synthesis Report
---------------------------------------------------------------------------------

Report BlackBoxes: 
+-+--------------+----------+
| |BlackBox name |Instances |
+-+--------------+----------+
+-+--------------+----------+

Report Cell Usage: 
+------+-------+------+
|      |Cell   |Count |
+------+-------+------+
|1     |BUFG   |     1|
|2     |CARRY4 |     8|
|3     |LUT1   |    32|
|4     |LUT2   |     1|
|5     |LUT3   |    40|
|6     |LUT4   |     1|
|7     |LUT5   |     3|
|8     |LUT6   |     2|
|9     |FDCE   |     3|
|10    |FDRE   |    32|
|11    |IBUF   |     2|
|12    |OBUF   |    10|
+------+-------+------+

Report Instance Areas: 
+------+-----------------+---------+------+
|      |Instance         |Module   |Cells |
+------+-----------------+---------+------+
|1     |top              |         |   135|
|2     |  \genblk1.D1    |Divider  |   108|
|3     |  \genblk1.JK_1  |JK_FF    |     4|
|4     |  \genblk1.JK_2  |JK_FF_0  |     2|
|5     |  \genblk1.JK_3  |JK_FF_1  |     1|
|6     |  \genblk1.d1    |display7 |     7|
+------+-----------------+---------+------+
---------------------------------------------------------------------------------
Finished Writing Synthesis Report : Time (s): cpu = 00:00:19 ; elapsed = 00:00:22 . Memory (MB): peak = 632.813 ; gain = 425.965
---------------------------------------------------------------------------------
Synthesis finished with 0 errors, 0 critical warnings and 3 warnings.
Synthesis Optimization Runtime : Time (s): cpu = 00:00:10 ; elapsed = 00:00:14 . Memory (MB): peak = 632.813 ; gain = 115.031
Synthesis Optimization Complete : Time (s): cpu = 00:00:19 ; elapsed = 00:00:22 . Memory (MB): peak = 632.813 ; gain = 425.965
INFO: [Project 1-571] Translating synthesized netlist
INFO: [Netlist 29-17] Analyzing 10 Unisim elements for replacement
INFO: [Netlist 29-28] Unisim Transformation completed in 0 CPU seconds
INFO: [Project 1-570] Preparing netlist for logic optimization
INFO: [Opt 31-138] Pushed 0 inverter(s) to 0 load pin(s).
INFO: [Project 1-111] Unisim Transformation Summary:
No Unisim elements were transformed.

INFO: [Common 17-83] Releasing license: Synthesis
20 Infos, 6 Warnings, 0 Critical Warnings and 0 Errors encountered.
synth_design completed successfully
synth_design: Time (s): cpu = 00:00:19 ; elapsed = 00:00:19 . Memory (MB): peak = 632.813 ; gain = 408.676
report_utilization: Time (s): cpu = 00:00:00 ; elapsed = 00:00:00.012 . Memory (MB): peak = 632.813 ; gain = 0.000
INFO: [Common 17-206] Exiting Vivado at Thu Nov 04 22:05:32 2021...
