# do {DataCompare8_tb_compile.do}
# Model Technology ModelSim PE vmap 10.4c Lib Mapping Utility 2015.07 Jul 20 2015
# vmap xil_defaultlib msim/xil_defaultlib 
# Modifying modelsim.ini
# ** Warning: (vlog-159) Mode option -64 is not supported in this context and will be ignored.
# 
# Model Technology ModelSim PE vlog 10.4c Compiler 2015.07 Jul 20 2015
# Start time: 21:55:25 on Oct 21,2021
# vlog -64 -incr -work xil_defaultlib ../../../6.5-2.srcs/sources_1/new/DataCompare8.v ../../../6.5-2.srcs/sources_1/new/DataCompare8_tb.v 
# -- Compiling module DataCompare4
# -- Compiling module DataCompare8
# -- Compiling module DataCompare8_tb
# 
# Top level modules:
# 	DataCompare8_tb
# End time: 21:55:25 on Oct 21,2021, Elapsed time: 0:00:00
# Errors: 0, Warnings: 1
# Model Technology ModelSim PE vlog 10.4c Compiler 2015.07 Jul 20 2015
# Start time: 21:55:25 on Oct 21,2021
# vlog -work xil_defaultlib glbl.v 
# -- Compiling module glbl
# 
# Top level modules:
# 	glbl
# End time: 21:55:25 on Oct 21,2021, Elapsed time: 0:00:00
# Errors: 0, Warnings: 0
